	Exporter version: 4.6.1, Blender version: 2.78 (sub 0)
========= Conversion from Blender to Babylon.js =========
	Scene settings used:
		selected layers only:  false
		flat shading entire scene:  false
		inline textures:  false
		texture directory:  C:\Users\Cason Kang\Desktop\Binus\semester 4\CG\final project\CG_FinalProject\src\assets\
	Python World class constructor completed
	processing begun of mesh:  Cylinder001
		processing begun of Standard material:  wire_177088027
		processing begun of Standard material:  wire_135006006
		processing begun of multimaterial:  apple.Multimaterial#0
		num positions      :  1770
		num normals        :  1770
		num uvs            :  3540
		num uvs2           :  0
		num colors         :  0
		num indices        :  8124
	processing begun of camera (FreeCamera):  Camera
	processing begun of light (POINT):  Lamp
========= Writing of scene file started =========
========= Writing of scene file completed =========
========= end of processing =========
elapsed time:  0 min, 0.0937 secs
