	Exporter version: 4.6.1, Blender version: 2.78 (sub 0)
========= Conversion from Blender to Babylon.js =========
	Scene settings used:
		selected layers only:  false
		flat shading entire scene:  false
		inline textures:  false
		texture directory:  C:\Users\Cason Kang\Desktop\Binus\semester 4\CG\final project\CG_FinalProject\lib\
	Python World class constructor completed
	processing begun of mesh:  Loft_NURBS
		processing begun of Standard material:  Mat_1
		num positions      :  1100
		num normals        :  1100
		num uvs            :  2200
		num uvs2           :  0
		num colors         :  0
		num indices        :  5940
	processing begun of mesh:  Basket
		processing begun of Standard material:  _
		num positions      :  57479
		num normals        :  57479
		num uvs            :  114958
		num uvs2           :  0
		num colors         :  0
		num indices        :  180768
	processing begun of mesh:  Cube
		processing begun of Standard material:  Material
		num positions      :  8
		num normals        :  8
		num uvs            :  0
		num uvs2           :  0
		num colors         :  0
		num indices        :  36
	processing begun of camera (FreeCamera):  Camera
	processing begun of light (POINT):  Lamp
========= Writing of scene file started =========
========= Writing of scene file completed =========
========= end of processing =========
elapsed time:  0 min, 2.5461 secs
