	Exporter version: 4.6.1, Blender version: 2.78 (sub 0)
========= Conversion from Blender to Babylon.js =========
	Scene settings used:
		selected layers only:  false
		flat shading entire scene:  false
		inline textures:  false
		texture directory:  C:\Users\Cason Kang\Desktop\Binus\semester 4\CG\final project\CG_FinalProject\src\assets\
	Python World class constructor completed
	processing begun of camera (FreeCamera):  Camera
	processing begun of mesh:  Cylinder001.002
		processing begun of Standard material:  wire_177088027.021
		processing begun of Standard material:  wire_135006006.021
		processing begun of Standard material:  wire_177088027.022
		processing begun of Standard material:  wire_135006006.022
		processing begun of Standard material:  wire_177088027.023
		processing begun of Standard material:  wire_135006006.023
		processing begun of Standard material:  wire_177088027.024
		processing begun of Standard material:  wire_135006006.024
		processing begun of Standard material:  wire_177088027.025
		processing begun of Standard material:  wire_135006006.025
		processing begun of Standard material:  wire_177088027.026
		processing begun of Standard material:  wire_135006006.026
		processing begun of Standard material:  wire_177088027.027
		processing begun of Standard material:  wire_135006006.027
		processing begun of Standard material:  wire_177088027.004
		processing begun of Standard material:  wire_135006006.004
		processing begun of Standard material:  wire_177088027
		processing begun of Standard material:  wire_135006006
		processing begun of Standard material:  wire_177088027.001
		processing begun of Standard material:  wire_135006006.001
		processing begun of Standard material:  wire_177088027.002
		processing begun of Standard material:  wire_135006006.002
		processing begun of Standard material:  wire_177088027.003
		processing begun of Standard material:  wire_135006006.003
		processing begun of Standard material:  wire_177088027.005
		processing begun of Standard material:  wire_135006006.005
		processing begun of Standard material:  wire_177088027.006
		processing begun of Standard material:  wire_135006006.006
		processing begun of Standard material:  wire_177088027.007
		processing begun of Standard material:  wire_135006006.007
		processing begun of Standard material:  wire_177088027.008
		processing begun of Standard material:  wire_135006006.008
		processing begun of Standard material:  wire_177088027.009
		processing begun of Standard material:  wire_135006006.009
		processing begun of Standard material:  wire_177088027.010
		processing begun of Standard material:  wire_135006006.010
		processing begun of Standard material:  wire_177088027.011
		processing begun of Standard material:  wire_135006006.011
		processing begun of Standard material:  wire_177088027.012
		processing begun of Standard material:  wire_135006006.012
		processing begun of Standard material:  wire_177088027.013
		processing begun of Standard material:  wire_135006006.013
		processing begun of Standard material:  wire_177088027.014
		processing begun of Standard material:  wire_135006006.014
		processing begun of Standard material:  wire_177088027.015
		processing begun of Standard material:  wire_135006006.015
		processing begun of Standard material:  wire_177088027.016
		processing begun of Standard material:  wire_135006006.016
		processing begun of Standard material:  wire_177088027.017
		processing begun of Standard material:  wire_135006006.017
		processing begun of Standard material:  wire_177088027.018
		processing begun of Standard material:  wire_135006006.018
		processing begun of Standard material:  wire_177088027.019
		processing begun of Standard material:  wire_135006006.019
		processing begun of Standard material:  wire_177088027.020
		processing begun of Standard material:  wire_135006006.020
		processing begun of multimaterial:  manyApples.Multimaterial#0
		num positions      :  49560
		num normals        :  49560
		num uvs            :  99120
		num uvs2           :  0
		num colors         :  0
		num indices        :  227472
	processing begun of light (POINT):  Lamp
========= Writing of scene file started =========
========= Writing of scene file completed =========
========= end of processing =========
elapsed time:  0 min, 4.9626 secs
